2025-05-15T14:19:11.450Z [INFO]: Intentant connectar a MongoDB...
2025-05-15T14:27:02.555Z [INFO]: Intentant connectar a MongoDB...
2025-05-15T14:30:19.316Z [INFO]: Intentant connectar a MongoDB...
2025-05-15T14:40:06.214Z [INFO]: Intentant connectar a MongoDB...
2025-05-15T14:40:06.243Z [INFO]: Connectat a MongoDB
2025-05-15T14:40:06.244Z [INFO]: Llegint el fitxer XML...
2025-05-15T14:40:09.139Z [INFO]: Processant les dades de posts...
2025-05-15T14:40:09.207Z [INFO]: Eliminant dades existents...
2025-05-15T14:40:09.211Z [INFO]: Inserint dades a MongoDB...
2025-05-15T14:40:09.262Z [INFO]: 1210 documents inserits correctament.
2025-05-15T14:40:09.262Z [INFO]: Dades carregades amb èxit!
2025-05-15T14:40:09.262Z [INFO]: --------------------------------------------
2025-05-15T14:41:06.718Z [INFO]: Intentant connectar a MongoDB...
2025-05-15T14:41:06.751Z [INFO]: Connectat a MongoDB
2025-05-15T14:41:06.752Z [INFO]: Llegint el fitxer XML...
2025-05-15T14:41:09.676Z [INFO]: Processant les dades de posts...
2025-05-15T14:41:09.730Z [INFO]: Eliminant dades existents...
2025-05-15T14:41:09.739Z [INFO]: Inserint dades a MongoDB...
2025-05-15T14:41:09.773Z [INFO]: 1210 documents inserits correctament.
2025-05-15T14:41:09.773Z [INFO]: Dades carregades amb èxit!
2025-05-15T14:41:09.773Z [INFO]: --------------------------------------------
2025-05-15T14:43:18.012Z [INFO]: Intentant connectar a MongoDB...
2025-05-15T14:43:18.037Z [INFO]: Connectat a MongoDB
2025-05-15T14:43:18.037Z [INFO]: Llegint el fitxer XML...
2025-05-15T14:43:21.020Z [INFO]: Processant les dades de posts...
2025-05-15T14:43:21.074Z [INFO]: Eliminant dades existents...
2025-05-15T14:43:21.087Z [INFO]: Inserint dades a MongoDB...
2025-05-15T14:43:21.122Z [INFO]: 1210 documents inserits correctament.
2025-05-15T14:43:21.123Z [INFO]: Dades carregades amb èxit!
2025-05-15T14:43:21.123Z [INFO]: --------------------------------------------
2025-05-15T14:44:24.836Z [INFO]: Intentant connectar a MongoDB...
2025-05-15T14:44:24.861Z [INFO]: Connectat a MongoDB
2025-05-15T14:44:24.861Z [INFO]: Llegint el fitxer XML...
2025-05-15T14:44:27.560Z [INFO]: Processant les dades de posts...
2025-05-15T14:44:27.612Z [INFO]: Eliminant dades existents...
2025-05-15T14:44:27.621Z [INFO]: Inserint dades a MongoDB...
2025-05-15T14:44:27.655Z [INFO]: 1210 documents inserits correctament.
2025-05-15T14:44:27.655Z [INFO]: Dades carregades amb èxit!
2025-05-15T14:44:27.655Z [INFO]: --------------------------------------------
2025-05-15T14:57:34.549Z [INFO]: Intentant connectar a MongoDB...
2025-05-15T14:57:34.577Z [INFO]: Connectat a MongoDB
2025-05-15T14:57:34.578Z [INFO]: Llegint el fitxer XML...
2025-05-15T14:57:37.606Z [INFO]: Processant les dades de posts...
2025-05-15T14:57:37.666Z [INFO]: Eliminant dades existents...
2025-05-15T14:57:37.679Z [INFO]: Inserint dades a MongoDB...
2025-05-15T14:57:37.714Z [INFO]: 1210 documents inserits correctament.
2025-05-15T14:57:37.714Z [INFO]: Dades carregades amb èxit!
2025-05-15T14:57:37.714Z [INFO]: --------------------------------------------
2025-05-15T15:06:57.475Z [INFO]: Intentant connectar a MongoDB...
2025-05-15T15:06:57.505Z [INFO]: Connectat a MongoDB
2025-05-15T15:06:57.506Z [INFO]: Llegint el fitxer XML...
2025-05-15T15:07:00.098Z [INFO]: Processant les dades de posts...
2025-05-15T15:07:00.153Z [INFO]: Eliminant dades existents...
2025-05-15T15:07:00.162Z [INFO]: Inserint dades a MongoDB...
2025-05-15T15:07:00.198Z [INFO]: 1210 documents inserits correctament.
2025-05-15T15:07:00.199Z [INFO]: Dades carregades amb èxit!
2025-05-15T15:07:00.199Z [INFO]: --------------------------------------------
2025-05-15T15:28:51.469Z [INFO]: Intentant connectar a MongoDB...
2025-05-15T15:28:51.495Z [INFO]: Connectat a MongoDB
2025-05-15T15:28:51.496Z [INFO]: Llegint el fitxer XML...
2025-05-15T15:28:54.078Z [INFO]: Processant les dades de posts...
2025-05-15T15:28:54.128Z [INFO]: Eliminant dades existents...
2025-05-15T15:28:54.136Z [INFO]: Inserint dades a MongoDB...
2025-05-15T15:28:54.172Z [INFO]: 1210 documents inserits correctament.
2025-05-15T15:28:54.172Z [INFO]: Dades carregades amb èxit!
2025-05-15T15:28:54.172Z [INFO]: --------------------------------------------
2025-05-15T15:44:08.235Z [INFO]: Intentant connectar a MongoDB...
2025-05-15T15:44:08.270Z [INFO]: Connectat a MongoDB
2025-05-15T15:44:08.271Z [INFO]: Llegint el fitxer XML...
2025-05-15T15:44:11.640Z [INFO]: Processant les dades de posts...
2025-05-15T15:44:11.696Z [INFO]: Eliminant dades existents...
2025-05-15T15:44:11.708Z [INFO]: Inserint dades a MongoDB...
2025-05-15T15:44:11.759Z [INFO]: 1210 documents inserits correctament.
2025-05-15T15:44:11.760Z [INFO]: Dades carregades amb èxit!
2025-05-15T15:44:11.760Z [INFO]: --------------------------------------------
