2025-05-15 16:15:11 [ERROR] Error: listen EADDRINUSE: address already in use :::8000
    at Server.setupListenHandle [as _listen2] (node:net:1937:16)
    at listenInCluster (node:net:1994:12)
    at Server.listen (node:net:2099:7)
    at new WebSocketServer (/home/nacro/Documents/COSAS A ENTREGAR/MP08/M06-3.2/pr32_websocket_link/node_modules/ws/lib/websocket-server.js:102:20)
    at Object.<anonymous> (/home/nacro/Documents/COSAS A ENTREGAR/MP08/M06-3.2/pr32_websocket_link/src/websocket_server.js:56:13)
    at Module._compile (node:internal/modules/cjs/loader:1739:14)
    at Object..js (node:internal/modules/cjs/loader:1904:10)
    at Module.load (node:internal/modules/cjs/loader:1473:32)
    at Function._load (node:internal/modules/cjs/loader:1285:12)
    at TracingChannel.traceSync (node:diagnostics_channel:322:14)
2025-05-15 16:15:27 [ERROR] Error: listen EADDRINUSE: address already in use :::8000
    at Server.setupListenHandle [as _listen2] (node:net:1937:16)
    at listenInCluster (node:net:1994:12)
    at Server.listen (node:net:2099:7)
    at new WebSocketServer (/home/nacro/Documents/COSAS A ENTREGAR/MP08/M06-3.2/pr32_websocket_link/node_modules/ws/lib/websocket-server.js:102:20)
    at Object.<anonymous> (/home/nacro/Documents/COSAS A ENTREGAR/MP08/M06-3.2/pr32_websocket_link/src/websocket_server.js:56:13)
    at Module._compile (node:internal/modules/cjs/loader:1739:14)
    at Object..js (node:internal/modules/cjs/loader:1904:10)
    at Module.load (node:internal/modules/cjs/loader:1473:32)
    at Function._load (node:internal/modules/cjs/loader:1285:12)
    at TracingChannel.traceSync (node:diagnostics_channel:322:14)
2025-05-15 16:15:29 [ERROR] Error: listen EADDRINUSE: address already in use :::8000
    at Server.setupListenHandle [as _listen2] (node:net:1937:16)
    at listenInCluster (node:net:1994:12)
    at Server.listen (node:net:2099:7)
    at new WebSocketServer (/home/nacro/Documents/COSAS A ENTREGAR/MP08/M06-3.2/pr32_websocket_link/node_modules/ws/lib/websocket-server.js:102:20)
    at Object.<anonymous> (/home/nacro/Documents/COSAS A ENTREGAR/MP08/M06-3.2/pr32_websocket_link/src/websocket_server.js:56:13)
    at Module._compile (node:internal/modules/cjs/loader:1739:14)
    at Object..js (node:internal/modules/cjs/loader:1904:10)
    at Module.load (node:internal/modules/cjs/loader:1473:32)
    at Function._load (node:internal/modules/cjs/loader:1285:12)
    at TracingChannel.traceSync (node:diagnostics_channel:322:14)
2025-05-15 16:16:37 [ERROR] Error: listen EADDRINUSE: address already in use :::8000
    at Server.setupListenHandle [as _listen2] (node:net:1937:16)
    at listenInCluster (node:net:1994:12)
    at Server.listen (node:net:2099:7)
    at new WebSocketServer (/home/nacro/Documents/COSAS A ENTREGAR/MP08/M06-3.2/pr32_websocket_link/node_modules/ws/lib/websocket-server.js:102:20)
    at Object.<anonymous> (/home/nacro/Documents/COSAS A ENTREGAR/MP08/M06-3.2/pr32_websocket_link/src/websocket_server.js:56:13)
    at Module._compile (node:internal/modules/cjs/loader:1739:14)
    at Object..js (node:internal/modules/cjs/loader:1904:10)
    at Module.load (node:internal/modules/cjs/loader:1473:32)
    at Function._load (node:internal/modules/cjs/loader:1285:12)
    at TracingChannel.traceSync (node:diagnostics_channel:322:14)
2025-05-15 16:18:20 [ERROR] Error: listen EADDRINUSE: address already in use :::8000
    at Server.setupListenHandle [as _listen2] (node:net:1937:16)
    at listenInCluster (node:net:1994:12)
    at Server.listen (node:net:2099:7)
    at new WebSocketServer (/home/nacro/Documents/COSAS A ENTREGAR/MP08/M06-3.2/pr32_websocket_link/node_modules/ws/lib/websocket-server.js:102:20)
    at Object.<anonymous> (/home/nacro/Documents/COSAS A ENTREGAR/MP08/M06-3.2/pr32_websocket_link/src/websocket_server.js:56:13)
    at Module._compile (node:internal/modules/cjs/loader:1739:14)
    at Object..js (node:internal/modules/cjs/loader:1904:10)
    at Module.load (node:internal/modules/cjs/loader:1473:32)
    at Function._load (node:internal/modules/cjs/loader:1285:12)
    at TracingChannel.traceSync (node:diagnostics_channel:322:14)
